building Nix...
building the system configuration...
these 26 derivations will be built:
  /nix/store/06q6f9fmqpnr41ryxg1pa5qff3x8plf1-ensure-all-wrappers-paths-exist.drv
  /nix/store/h85a7bibbjsvbbg50xfqdd214fl4kf4z-builder.pl.drv
  /nix/store/20xvwgibkfmzzhi0v8xd3r5wybid4z4c-system-path.drv
  /nix/store/2qri0n18fggvym3ks563h2516qqns53y-unit-accounts-daemon.service.drv
  /nix/store/rw3k93p0vqppf79pmp5nf4ilafn5ppcy-dbus-1.drv
  /nix/store/fkdfsxpkwrgjhsq53pgpmq475mk3kfx1-X-Restart-Triggers-dbus.drv
  /nix/store/3n6mvw10s1ww6rffd9ix12aada1aplps-unit-dbus.service.drv
  /nix/store/4wp1fv9fq7m25riqdrxgbqwfy6yv3yj2-unit-gdm.service-disabled.drv
  /nix/store/c0phcizq2j3lv9iibkqxy2mfgrg8wz48-unit-pipewire.service-disabled.drv
  /nix/store/cmmrxl74z8x38r9wbzygg65jgi0kqsz3-unit-console-getty.service-disabled.drv
  /nix/store/ijs78f71whh2w39m7x66b50prlnk3z8w-unit-pipewire.socket-disabled.drv
  /nix/store/wqpmqqwli1mxm2v7pks2d6cnwg1qhsba-X-Restart-Triggers-polkit.drv
  /nix/store/nv3dysfbrm3imfiqcxpcggfxlphwylf2-unit-polkit.service.drv
  /nix/store/r8ccynzx7pknhccrlpc72g01hfadsrvm-unit-wireplumber.service-disabled.drv
  /nix/store/3br2r3hxaq3h36j9x9ch93gj501virkq-system-units.drv
  /nix/store/3m0c0d0daxa5z4zym9ljc7ph6al542j7-set-environment.drv
  /nix/store/611ijz0swhp474m8ra105c1mlhj6vgwg-etc-profile.drv
  /nix/store/kgpbgf3b7k65i6p3yh43n4hav0qfn4g8-unit-dbus.service.drv
  /nix/store/691canm316hafnkhnyr2akgb8j26yz7q-user-units.drv
  /nix/store/dsz0d15bnxkrdhdbirrxmvd97nvh985r-stage-2-init.sh.drv
  /nix/store/g3pgmrf7s85gc8r4p6gmivaf8rv2djgp-xkb-validated.drv
  /nix/store/hzj6z9isx08i75wj15rd3ybg1cclclm3-etc-zshenv.drv
  /nix/store/nrvnqxhim75nl0scps4kxgz19a2bg6iw-etc-pam-environment.drv
  /nix/store/l253jljc9f4svhw6jrxc44lixj4p070h-etc.drv
  /nix/store/qw090gjgiax4skhfy2bivgm6dvpx5910-boot.json.drv
  /nix/store/w1y1i45dxvingkdvnmz8npkcbrxamzzj-nixos-system-NixOS-24.05.4469.6e99f2a27d60.drv
these 17 paths will be fetched (3.36 MiB download, 28.95 MiB unpacked):
  /nix/store/ywzf38j96gc31p93x10dj8m45n93rrzk-atkmm-2.28.4
  /nix/store/sh6zr2akvgiijrb6nh2z8spj89jvnvbl-cairomm-1.14.5
  /nix/store/iw9x2m9lxk566qvcn13ypwyb6f2x7kdy-file-5.45
  /nix/store/jla8d998qbygfy702nz3yw05ypbi59dw-find-xml-catalogs-hook
  /nix/store/47xvhd8bvawnkmbz7pnxjimfa3dlzdpa-getconf-glibc-2.39-52
  /nix/store/i9x2sifgd2r28jmvm9yfnykjsmv9xbm9-gnu-config-2024-01-01
  /nix/store/6x42kczk505372wqayhjvwbmjwvxrrkp-gnumake-4.4.1
  /nix/store/9v5hid3116vd715y4xy20ryfcgqgga73-gtkmm-2.24.5
  /nix/store/pnzx8vykjhj3mlvjswvg4k8rzvrdz9lm-libxslt-1.1.39-bin
  /nix/store/zpck5fsixsdbgdryfhaclc1fns9v84dj-lndir-1.0.5
  /nix/store/3dy3mn8gaz7npb1ivr6ij3ll18k2h1d9-nitrogen-1.6.1
  /nix/store/zw8dmi00dl5rr3d9yf0rbakkclncai5b-pangomm-2.46.4
  /nix/store/s4xysdp2cx1r4zzqqr3c9v2z8q0g5zlj-patchelf-0.15.0
  /nix/store/yywfkjbmf0czk408qrqm691kclffvmg0-stdenv-linux
  /nix/store/xx26kliiixj97xgj9kfrq2bi8l8wpacc-texinfo-7.0.3
  /nix/store/x5pfxw8jkaifsbqqhf4lahjxlkm5mfqf-update-autotools-gnu-config-scripts-hook
  /nix/store/hiw895vgr1wswlk7h68yg2mqr78npkls-xkbvalidate
copying path '/nix/store/jla8d998qbygfy702nz3yw05ypbi59dw-find-xml-catalogs-hook' from 'https://cache.nixos.org'...
copying path '/nix/store/i9x2sifgd2r28jmvm9yfnykjsmv9xbm9-gnu-config-2024-01-01' from 'https://cache.nixos.org'...
copying path '/nix/store/iw9x2m9lxk566qvcn13ypwyb6f2x7kdy-file-5.45' from 'https://cache.nixos.org'...
copying path '/nix/store/47xvhd8bvawnkmbz7pnxjimfa3dlzdpa-getconf-glibc-2.39-52' from 'https://cache.nixos.org'...
copying path '/nix/store/6x42kczk505372wqayhjvwbmjwvxrrkp-gnumake-4.4.1' from 'https://cache.nixos.org'...
copying path '/nix/store/ywzf38j96gc31p93x10dj8m45n93rrzk-atkmm-2.28.4' from 'https://cache.nixos.org'...
copying path '/nix/store/sh6zr2akvgiijrb6nh2z8spj89jvnvbl-cairomm-1.14.5' from 'https://cache.nixos.org'...
copying path '/nix/store/pnzx8vykjhj3mlvjswvg4k8rzvrdz9lm-libxslt-1.1.39-bin' from 'https://cache.nixos.org'...
copying path '/nix/store/xx26kliiixj97xgj9kfrq2bi8l8wpacc-texinfo-7.0.3' from 'https://cache.nixos.org'...
copying path '/nix/store/s4xysdp2cx1r4zzqqr3c9v2z8q0g5zlj-patchelf-0.15.0' from 'https://cache.nixos.org'...
copying path '/nix/store/zpck5fsixsdbgdryfhaclc1fns9v84dj-lndir-1.0.5' from 'https://cache.nixos.org'...
copying path '/nix/store/hiw895vgr1wswlk7h68yg2mqr78npkls-xkbvalidate' from 'https://cache.nixos.org'...
copying path '/nix/store/x5pfxw8jkaifsbqqhf4lahjxlkm5mfqf-update-autotools-gnu-config-scripts-hook' from 'https://cache.nixos.org'...
copying path '/nix/store/zw8dmi00dl5rr3d9yf0rbakkclncai5b-pangomm-2.46.4' from 'https://cache.nixos.org'...
copying path '/nix/store/yywfkjbmf0czk408qrqm691kclffvmg0-stdenv-linux' from 'https://cache.nixos.org'...
copying path '/nix/store/9v5hid3116vd715y4xy20ryfcgqgga73-gtkmm-2.24.5' from 'https://cache.nixos.org'...
building '/nix/store/qw090gjgiax4skhfy2bivgm6dvpx5910-boot.json.drv'...
building '/nix/store/h85a7bibbjsvbbg50xfqdd214fl4kf4z-builder.pl.drv'...
building '/nix/store/06q6f9fmqpnr41ryxg1pa5qff3x8plf1-ensure-all-wrappers-paths-exist.drv'...
building '/nix/store/dsz0d15bnxkrdhdbirrxmvd97nvh985r-stage-2-init.sh.drv'...
building '/nix/store/cmmrxl74z8x38r9wbzygg65jgi0kqsz3-unit-console-getty.service-disabled.drv'...
building '/nix/store/4wp1fv9fq7m25riqdrxgbqwfy6yv3yj2-unit-gdm.service-disabled.drv'...
building '/nix/store/c0phcizq2j3lv9iibkqxy2mfgrg8wz48-unit-pipewire.service-disabled.drv'...
building '/nix/store/ijs78f71whh2w39m7x66b50prlnk3z8w-unit-pipewire.socket-disabled.drv'...
building '/nix/store/r8ccynzx7pknhccrlpc72g01hfadsrvm-unit-wireplumber.service-disabled.drv'...
building '/nix/store/g3pgmrf7s85gc8r4p6gmivaf8rv2djgp-xkb-validated.drv'...
Checking that Nix store paths of all wrapped programs exist... OK
copying path '/nix/store/3dy3mn8gaz7npb1ivr6ij3ll18k2h1d9-nitrogen-1.6.1' from 'https://cache.nixos.org'...
building '/nix/store/20xvwgibkfmzzhi0v8xd3r5wybid4z4c-system-path.drv'...
created 16660 symlinks in user environment
gtk-update-icon-cache: Cache file created successfully.
building '/nix/store/wqpmqqwli1mxm2v7pks2d6cnwg1qhsba-X-Restart-Triggers-polkit.drv'...
building '/nix/store/rw3k93p0vqppf79pmp5nf4ilafn5ppcy-dbus-1.drv'...
building '/nix/store/nrvnqxhim75nl0scps4kxgz19a2bg6iw-etc-pam-environment.drv'...
building '/nix/store/3m0c0d0daxa5z4zym9ljc7ph6al542j7-set-environment.drv'...
building '/nix/store/2qri0n18fggvym3ks563h2516qqns53y-unit-accounts-daemon.service.drv'...
building '/nix/store/fkdfsxpkwrgjhsq53pgpmq475mk3kfx1-X-Restart-Triggers-dbus.drv'...
building '/nix/store/611ijz0swhp474m8ra105c1mlhj6vgwg-etc-profile.drv'...
building '/nix/store/hzj6z9isx08i75wj15rd3ybg1cclclm3-etc-zshenv.drv'...
building '/nix/store/nv3dysfbrm3imfiqcxpcggfxlphwylf2-unit-polkit.service.drv'...
building '/nix/store/3n6mvw10s1ww6rffd9ix12aada1aplps-unit-dbus.service.drv'...
building '/nix/store/kgpbgf3b7k65i6p3yh43n4hav0qfn4g8-unit-dbus.service.drv'...
building '/nix/store/3br2r3hxaq3h36j9x9ch93gj501virkq-system-units.drv'...
building '/nix/store/691canm316hafnkhnyr2akgb8j26yz7q-user-units.drv'...
building '/nix/store/l253jljc9f4svhw6jrxc44lixj4p070h-etc.drv'...
building '/nix/store/w1y1i45dxvingkdvnmz8npkcbrxamzzj-nixos-system-NixOS-24.05.4469.6e99f2a27d60.drv'...
stopping the following units: accounts-daemon.service
activating the configuration...
setting up /etc...
reloading user units for rob...
restarting sysinit-reactivation.target
reloading the following units: dbus.service
restarting the following units: polkit.service
starting the following units: accounts-daemon.service
the following new units were started: sysinit-reactivation.target, systemd-tmpfiles-resetup.service
